<?xml version="1.0" encoding="UTF-8"?>
<!-- Generated by org.testng.reporters.JUnitReportReporter -->
<testsuite skipped="0" hostname="PRABU" name="com.testng.codes.NewTestAnnotations" tests="2" failures="0" timestamp="07 Oct 2017 11:59:44 GMT" time="0.013" errors="0">
  <testcase name="f" time="0.010" classname="com.testng.codes.NewTestAnnotations"/>
  <testcase name="f" time="0.003" classname="com.testng.codes.NewTestAnnotations"/>
</testsuite> <!-- com.testng.codes.NewTestAnnotations -->
