<?xml version="1.0" encoding="UTF-8"?>
<!-- Generated by org.testng.reporters.JUnitReportReporter -->
<testsuite skipped="0" hostname="AIPL-LT-623" name="com.selenium.codes.fb.TestClass" tests="1" failures="0" timestamp="19 Sep 2017 07:10:23 GMT" time="36.853" errors="0">
  <testcase name="signUp" time="36.853" classname="com.selenium.codes.fb.TestClass"/>
</testsuite> <!-- com.selenium.codes.fb.TestClass -->
