<?xml version="1.0" encoding="UTF-8"?>
<!-- Generated by org.testng.reporters.JUnitReportReporter -->
<testsuite skipped="0" hostname="AIPL-LT-623" name="com.api.testing.codes.DeleteExample" tests="1" failures="0" timestamp="14 Sep 2017 10:21:50 GMT" time="6.382" errors="0">
  <testcase name="testPut" time="6.382" classname="com.api.testing.codes.DeleteExample"/>
</testsuite> <!-- com.api.testing.codes.DeleteExample -->
