<?xml version="1.0" encoding="UTF-8"?>
<!-- Generated by org.testng.reporters.JUnitReportReporter -->
<testsuite skipped="0" hostname="AIPL-LT-623" name="com.selenum.excel.TestExcel" tests="4" failures="0" timestamp="05 Oct 2017 16:49:23 GMT" time="79.115" errors="0">
  <testcase name="test1" time="22.135" classname="com.selenum.excel.TestExcel"/>
  <testcase name="test1" time="21.603" classname="com.selenum.excel.TestExcel"/>
  <testcase name="test1" time="17.894" classname="com.selenum.excel.TestExcel"/>
  <testcase name="test1" time="17.483" classname="com.selenum.excel.TestExcel"/>
</testsuite> <!-- com.selenum.excel.TestExcel -->
