<?xml version="1.0" encoding="UTF-8"?>
<!-- Generated by org.testng.reporters.JUnitReportReporter -->
<testsuite skipped="0" hostname="PRABU" name="com.testng.codes.NewTest" tests="2" failures="0" timestamp="07 Oct 2017 11:58:12 GMT" time="0.013" errors="0">
  <testcase name="f" time="0.011" classname="com.testng.codes.NewTest"/>
  <testcase name="f" time="0.002" classname="com.testng.codes.NewTest"/>
</testsuite> <!-- com.testng.codes.NewTest -->
