<?xml version="1.0" encoding="UTF-8"?>
<!-- Generated by org.testng.reporters.JUnitReportReporter -->
<testsuite skipped="0" hostname="AIPL-LT-623" name="com.selenum.excel.TestExcel" tests="4" failures="0" timestamp="03 Oct 2017 06:33:25 GMT" time="78.760" errors="0">
  <testcase name="test1" time="21.430" classname="com.selenum.excel.TestExcel"/>
  <testcase name="test1" time="22.475" classname="com.selenum.excel.TestExcel"/>
  <testcase name="test1" time="17.393" classname="com.selenum.excel.TestExcel"/>
  <testcase name="test1" time="17.462" classname="com.selenum.excel.TestExcel"/>
</testsuite> <!-- com.selenum.excel.TestExcel -->
