<?xml version="1.0" encoding="UTF-8"?>
<!-- Generated by org.testng.reporters.JUnitReportReporter -->
<testsuite skipped="0" hostname="AIPL-LT-623" name="com.api.testing.codes.PatchExample" tests="1" failures="0" timestamp="21 Sep 2017 13:51:27 GMT" time="4.739" errors="0">
  <testcase name="testPatch" time="4.739" classname="com.api.testing.codes.PatchExample"/>
</testsuite> <!-- com.api.testing.codes.PatchExample -->
