<?xml version="1.0" encoding="UTF-8"?>
<!-- Generated by org.testng.reporters.JUnitReportReporter -->
<testsuite skipped="0" hostname="AIPL-LT-623" name="com.api.testing.codes.PostExample" tests="1" failures="0" timestamp="15 Sep 2017 05:32:16 GMT" time="3.473" errors="0">
  <testcase name="testPost" time="3.473" classname="com.api.testing.codes.PostExample"/>
</testsuite> <!-- com.api.testing.codes.PostExample -->
