<?xml version="1.0" encoding="UTF-8"?>
<!-- Generated by org.testng.reporters.JUnitReportReporter -->
<testsuite skipped="0" hostname="PRABU" name="com.testng.codes.FactoryCode$SimpleTest" tests="4" failures="0" timestamp="07 Oct 2017 16:52:24 GMT" time="0.014" errors="0">
  <testcase name="testMethod" time="0.002" classname="com.testng.codes.FactoryCode$SimpleTest"/>
  <testcase name="testMethod" time="0.003" classname="com.testng.codes.FactoryCode$SimpleTest"/>
  <testcase name="method1" time="0.007" classname="com.testng.codes.FactoryCode$SimpleTest"/>
  <testcase name="method1" time="0.002" classname="com.testng.codes.FactoryCode$SimpleTest"/>
</testsuite> <!-- com.testng.codes.FactoryCode$SimpleTest -->
