<?xml version="1.0" encoding="UTF-8"?>
<!-- Generated by org.testng.reporters.JUnitReportReporter -->
<testsuite skipped="0" hostname="AIPL-LT-623" name="com.testng.codes.NewTestAnnotations" tests="2" failures="0" timestamp="21 Sep 2017 19:06:32 GMT" time="0.022" errors="0">
  <testcase name="f" time="0.017" classname="com.testng.codes.NewTestAnnotations"/>
  <testcase name="f" time="0.005" classname="com.testng.codes.NewTestAnnotations"/>
</testsuite> <!-- com.testng.codes.NewTestAnnotations -->
