<?xml version="1.0" encoding="UTF-8"?>
<!-- Generated by org.testng.reporters.JUnitReportReporter -->
<testsuite skipped="0" hostname="PRABU" name="com.testng.codes.DependsOnGroupsAndMthds" tests="6" failures="0" timestamp="07 Oct 2017 15:51:02 GMT" time="0.050" errors="0">
  <testcase name="m2" time="0.023" classname="com.testng.codes.DependsOnGroupsAndMthds"/>
  <testcase name="m3" time="0.006" classname="com.testng.codes.DependsOnGroupsAndMthds"/>
  <testcase name="m1" time="0.002" classname="com.testng.codes.DependsOnGroupsAndMthds"/>
  <testcase name="testTwo" time="0.008" classname="com.testng.codes.DependsOnGroupsAndMthds"/>
  <testcase name="testOne" time="0.008" classname="com.testng.codes.DependsOnGroupsAndMthds"/>
  <testcase name="testThree" time="0.003" classname="com.testng.codes.DependsOnGroupsAndMthds"/>
</testsuite> <!-- com.testng.codes.DependsOnGroupsAndMthds -->
