<?xml version="1.0" encoding="UTF-8"?>
<!-- Generated by org.testng.reporters.JUnitReportReporter -->
<testsuite skipped="1" hostname="AIPL-LT-623" name="com.testng.codes.SeqAndPrior" tests="4" failures="0" timestamp="20 Sep 2017 17:14:10 GMT" time="0.053" errors="0">
  <testcase name="One" time="0.044" classname="com.testng.codes.SeqAndPrior"/>
  <testcase name="Three" time="0.005" classname="com.testng.codes.SeqAndPrior"/>
  <testcase name="Four" time="0.004" classname="com.testng.codes.SeqAndPrior"/>
  <testcase name="Two" classname="com.testng.codes.SeqAndPrior">
    <skipped/>
  </testcase> <!-- Two -->
</testsuite> <!-- com.testng.codes.SeqAndPrior -->
