<?xml version="1.0" encoding="UTF-8"?>
<!-- Generated by org.testng.reporters.JUnitReportReporter -->
<testsuite skipped="0" hostname="PRABU" name="com.api.testing.codes.PostExample" tests="1" failures="0" timestamp="08 Oct 2017 04:51:36 GMT" time="5.668" errors="0">
  <testcase name="testPost" time="5.668" classname="com.api.testing.codes.PostExample"/>
</testsuite> <!-- com.api.testing.codes.PostExample -->
