<?xml version="1.0" encoding="UTF-8"?>
<!-- Generated by org.testng.reporters.JUnitReportReporter -->
<testsuite skipped="0" hostname="AIPL-LT-623" name="com.testng.codes.DependsCode" tests="3" failures="0" timestamp="20 Sep 2017 17:20:54 GMT" time="0.042" errors="0">
  <testcase name="OpenBrowser" time="0.034" classname="com.testng.codes.DependsCode"/>
  <testcase name="LogOut" time="0.003" classname="com.testng.codes.DependsCode"/>
  <testcase name="SignIn" time="0.005" classname="com.testng.codes.DependsCode"/>
</testsuite> <!-- com.testng.codes.DependsCode -->
