<?xml version="1.0" encoding="UTF-8"?>
<!-- Generated by org.testng.reporters.JUnitReportReporter -->
<testsuite skipped="0" hostname="AIPL-LT-623" name="com.api.testing.codes.RequestLoggingTest" tests="1" failures="0" timestamp="21 Sep 2017 09:55:00 GMT" time="6.460" errors="0">
  <testcase name="logTest" time="6.460" classname="com.api.testing.codes.RequestLoggingTest"/>
</testsuite> <!-- com.api.testing.codes.RequestLoggingTest -->
