<?xml version="1.0" encoding="UTF-8"?>
<!-- Generated by org.testng.reporters.JUnitReportReporter -->
<testsuite skipped="0" hostname="PRABU" name="com.testng.codes.ListenerDemoExample" tests="1" failures="0" timestamp="07 Oct 2017 17:17:12 GMT" time="0.022" errors="0">
  <testcase name="loginFB" time="0.022" classname="com.testng.codes.ListenerDemoExample"/>
</testsuite> <!-- com.testng.codes.ListenerDemoExample -->
