<?xml version="1.0" encoding="UTF-8"?>
<!-- Generated by org.testng.reporters.JUnitReportReporter -->
<testsuite skipped="0" hostname="AIPL-LT-623" name="com.api.testing.codes.ResponseLoggingTest" tests="1" failures="0" timestamp="16 Sep 2017 14:15:15 GMT" time="6.942" errors="0">
  <testcase name="loggingTest" time="6.942" classname="com.api.testing.codes.ResponseLoggingTest"/>
</testsuite> <!-- com.api.testing.codes.ResponseLoggingTest -->
