<?xml version="1.0" encoding="UTF-8"?>
<!-- Generated by org.testng.reporters.JUnitReportReporter -->
<testsuite skipped="0" hostname="AIPL-LT-623" name="com.api.testing.codes.PostExample1" tests="1" failures="0" timestamp="14 Sep 2017 10:31:51 GMT" time="3.662" errors="0">
  <testcase name="testPost" time="3.662" classname="com.api.testing.codes.PostExample1"/>
</testsuite> <!-- com.api.testing.codes.PostExample1 -->
