<?xml version="1.0" encoding="UTF-8"?>
<!-- Generated by org.testng.reporters.JUnitReportReporter -->
<testsuite skipped="0" hostname="PRABU" name="com.api.testing.codes.PutExample" tests="1" failures="0" timestamp="08 Oct 2017 04:53:20 GMT" time="7.074" errors="0">
  <testcase name="testPut" time="7.074" classname="com.api.testing.codes.PutExample"/>
</testsuite> <!-- com.api.testing.codes.PutExample -->
