<?xml version="1.0" encoding="UTF-8"?>
<!-- Generated by org.testng.reporters.JUnitReportReporter -->
<testsuite skipped="0" hostname="AIPL-LT-623" name="com.selenium.codes.WindowHandlingCode" tests="1" failures="0" timestamp="27 Sep 2017 06:06:21 GMT" time="25.495" errors="0">
  <testcase name="TestPopUp" time="25.495" classname="com.selenium.codes.WindowHandlingCode"/>
</testsuite> <!-- com.selenium.codes.WindowHandlingCode -->
