<?xml version="1.0" encoding="UTF-8"?>
<!-- Generated by org.testng.reporters.JUnitReportReporter -->
<testsuite skipped="0" hostname="AIPL-LT-623" name="com.api.testing.codes.GetStatusCodeTest" tests="1" failures="0" timestamp="21 Sep 2017 06:59:17 GMT" time="6.978" errors="0">
  <testcase name="testStatusCode" time="6.978" classname="com.api.testing.codes.GetStatusCodeTest"/>
</testsuite> <!-- com.api.testing.codes.GetStatusCodeTest -->
