<?xml version="1.0" encoding="UTF-8"?>
<!-- Generated by org.testng.reporters.JUnitReportReporter -->
<testsuite skipped="0" hostname="AIPL-LT-623" name="com.api.testing.codes.PutExample" tests="1" failures="0" timestamp="14 Sep 2017 10:04:30 GMT" time="6.383" errors="0">
  <testcase name="testPut" time="6.383" classname="com.api.testing.codes.PutExample"/>
</testsuite> <!-- com.api.testing.codes.PutExample -->
