<?xml version="1.0" encoding="UTF-8"?>
<!-- Generated by org.testng.reporters.JUnitReportReporter -->
<testsuite skipped="0" hostname="AIPL-LT-623" name="com.testng.codes.NewTest" tests="2" failures="0" timestamp="13 Sep 2017 15:41:10 GMT" time="0.029" errors="0">
  <testcase name="f" time="0.005" classname="com.testng.codes.NewTest"/>
  <testcase name="f" time="0.024" classname="com.testng.codes.NewTest"/>
</testsuite> <!-- com.testng.codes.NewTest -->
