<?xml version="1.0" encoding="UTF-8"?>
<!-- Generated by org.testng.reporters.JUnitReportReporter -->
<testsuite skipped="0" hostname="AIPL-LT-623" name="com.api.testing.codes.JsonArrayRespCode" tests="1" failures="0" timestamp="10 Oct 2017 07:53:28 GMT" time="4.781" errors="0">
  <testcase name="test" time="4.781" classname="com.api.testing.codes.JsonArrayRespCode"/>
</testsuite> <!-- com.api.testing.codes.JsonArrayRespCode -->
