<?xml version="1.0" encoding="UTF-8"?>
<!-- Generated by org.testng.reporters.JUnitReportReporter -->
<testsuite skipped="0" hostname="AIPL-LT-623" name="com.selenium.codes.ScreenshootGoogle" tests="1" failures="0" timestamp="27 Sep 2017 05:42:45 GMT" time="17.204" errors="0">
  <testcase name="TestJavaS1" time="17.204" classname="com.selenium.codes.ScreenshootGoogle"/>
</testsuite> <!-- com.selenium.codes.ScreenshootGoogle -->
