<?xml version="1.0" encoding="UTF-8"?>
<!-- Generated by org.testng.reporters.JUnitReportReporter -->
<testsuite skipped="0" hostname="AIPL-LT-623" name="com.api.testing.codes.SampleCode" tests="3" failures="0" timestamp="09 Oct 2017 11:43:41 GMT" time="8.771" errors="0">
  <testcase name="test01" time="6.326" classname="com.api.testing.codes.SampleCode"/>
  <testcase name="test03" time="0.906" classname="com.api.testing.codes.SampleCode"/>
  <testcase name="test02" time="1.539" classname="com.api.testing.codes.SampleCode"/>
</testsuite> <!-- com.api.testing.codes.SampleCode -->
