<?xml version="1.0" encoding="UTF-8"?>
<!-- Generated by org.testng.reporters.JUnitReportReporter -->
<testsuite skipped="0" hostname="AIPL-LT-623" name="com.testng.codes.DependsCodeAndException" tests="4" failures="0" timestamp="27 Sep 2017 16:33:55 GMT" time="0.059" errors="0">
  <testcase name="dividedByZeroExample1" time="0.005" classname="com.testng.codes.DependsCodeAndException"/>
  <testcase name="OpenBrowser" time="0.043" classname="com.testng.codes.DependsCodeAndException"/>
  <testcase name="LogOut" time="0.006" classname="com.testng.codes.DependsCodeAndException"/>
  <testcase name="SignIn" time="0.005" classname="com.testng.codes.DependsCodeAndException"/>
</testsuite> <!-- com.testng.codes.DependsCodeAndException -->
