<?xml version="1.0" encoding="UTF-8"?>
<!-- Generated by org.testng.reporters.JUnitReportReporter -->
<testsuite skipped="0" hostname="PRABU" name="com.api.testing.codes.GetStatusCodeTest" tests="1" failures="0" timestamp="08 Oct 2017 04:46:47 GMT" time="6.468" errors="0">
  <testcase name="testStatusCode" time="6.468" classname="com.api.testing.codes.GetStatusCodeTest"/>
</testsuite> <!-- com.api.testing.codes.GetStatusCodeTest -->
