<?xml version="1.0" encoding="UTF-8"?>
<!-- Generated by org.testng.reporters.JUnitReportReporter -->
<testsuite skipped="0" hostname="AIPL-LT-623" name="com.testng.codes.Grouping" tests="5" failures="0" timestamp="26 Sep 2017 19:06:30 GMT" time="0.049" errors="0">
  <testcase name="Car1" time="0.035" classname="com.testng.codes.Grouping"/>
  <testcase name="Scooter2" time="0.004" classname="com.testng.codes.Grouping"/>
  <testcase name="Car2" time="0.004" classname="com.testng.codes.Grouping"/>
  <testcase name="Sedan1" time="0.003" classname="com.testng.codes.Grouping"/>
  <testcase name="Scooter1" time="0.003" classname="com.testng.codes.Grouping"/>
</testsuite> <!-- com.testng.codes.Grouping -->
